#
# A fatal error has been detected by the Java Runtime Environment:
#
#  SIGSEGV (0xb) at pc=0x00ee4c42, pid=5018, tid=3075480432
#
# JRE version: 6.0_18-b18
# Java VM: OpenJDK Client VM (14.0-b16 mixed mode, sharing linux-x86 )
# Derivative: IcedTea6 1.8
# Distribution: Ubuntu lucid (development branch), package 6b18-1.8-0ubuntu1
# Problematic frame:
# V  [libjvm.so+0x2ffc42]
#
# If you would like to submit a bug report, please include
# instructions how to reproduce the bug and visit:
#   https://bugs.launchpad.net/ubuntu/+source/openjdk-6/
#

---------------  T H R E A D  ---------------

Current thread (0x0813d800):  JavaThread "CompilerThread0" daemon [_thread_in_vm, id=5027, stack(0xb7481000,0xb7502000)]

siginfo:si_signo=SIGSEGV: si_errno=0, si_code=1 (SEGV_MAPERR), si_addr=0x00000010

Registers:
EAX=0x00000000, EBX=0x00ff3ff4, ECX=0x00ff3ff4, EDX=0x00000b00
ESP=0xb7500790, EBP=0xb7500798, ESI=0x00000b00, EDI=0xb7500870
EIP=0x00ee4c42, CR2=0x00000010, EFLAGS=0x00210286

Top of Stack: (sp=0xb7500790)
0xb7500790:   00ff3ff4 b750082c b75007b8 00ee4d7f
0xb75007a0:   00000b00 b7500874 b75007c8 00ee4d4a
0xb75007b0:   00ff3ff4 b750082c b75007d8 00ee4f4b
0xb75007c0:   b750082c 010177a0 b7500b70 00ee4daa
0xb75007d0:   00ff3ff4 b7500800 b7500858 00cf6a65
0xb75007e0:   b7500800 b7500b70 b7500870 00000000
0xb75007f0:   b7500800 00000000 b7500b74 b7500874
0xb7500800:   00000000 0813dadc 0813dae0 00000000 

Instructions: (pc=0x00ee4c42)
0x00ee4c32:   39 c6 7d 1a 83 ec 0c 56 e8 e1 6e 02 00 83 c4 10
0x00ee4c42:   8b 40 10 8d 65 f8 5b 5e 5d c3 8d 74 26 00 8d 65 

Stack: [0xb7481000,0xb7502000],  sp=0xb7500790,  free space=509k
Native frames: (J=compiled Java code, j=interpreted, Vv=VM code, C=native code)
V  [libjvm.so+0x2ffc42]
V  [libjvm.so+0x2ffd7f]
V  [libjvm.so+0x2fff4b]
V  [libjvm.so+0x111a65]
V  [libjvm.so+0x1123c1]
V  [libjvm.so+0x10f42f]
V  [libjvm.so+0x10f60b]
V  [libjvm.so+0x1100c1]
V  [libjvm.so+0xcc8f1]
V  [libjvm.so+0xcc992]
V  [libjvm.so+0x375b7]
V  [libjvm.so+0x75930]
V  [libjvm.so+0x758e7]
V  [libjvm.so+0x122482]
V  [libjvm.so+0x122bb7]
V  [libjvm.so+0x3651c8]
V  [libjvm.so+0x36a12c]
V  [libjvm.so+0x36a1ea]
V  [libjvm.so+0x2c92e1]
C  [libpthread.so.0+0x596e]


Current CompileTask:
C1:  1      java.lang.String.hashCode()I (60 bytes)


---------------  P R O C E S S  ---------------

Java Threads: ( => current thread )
  0x0813f400 JavaThread "Low Memory Detector" daemon [_thread_blocked, id=5028, stack(0xb7430000,0xb7481000)]
=>0x0813d800 JavaThread "CompilerThread0" daemon [_thread_in_vm, id=5027, stack(0xb7481000,0xb7502000)]
  0x0813bc00 JavaThread "Signal Dispatcher" daemon [_thread_blocked, id=5026, stack(0xb7502000,0xb7553000)]
  0x08133400 JavaThread "Finalizer" daemon [_thread_blocked, id=5025, stack(0xb7599000,0xb75ea000)]
  0x08131c00 JavaThread "Reference Handler" daemon [_thread_blocked, id=5024, stack(0xb75ea000,0xb763b000)]
  0x08103400 JavaThread "main" [_thread_in_vm, id=5021, stack(0xb7881000,0xb78d2000)]

Other Threads:
  0x08130000 VMThread [stack: 0xb763b000,0xb76bc000] [id=5023]
  0x08142800 WatcherThread [stack: 0x00000000,0x00000000] [id=5029]

VM state:not at safepoint (normal execution)

VM Mutex/Monitor currently owned by a thread:  ([mutex/lock_event])
[0x08100730] CodeCache_lock - owner thread: 0x0813d800

Heap
 def new generation   total 960K, used 184K [0x71aa0000, 0x71ba0000, 0x74200000)
  eden space 896K,  20% used [0x71aa0000, 0x71ace078, 0x71b80000)
  from space 64K,   0% used [0x71b80000, 0x71b80000, 0x71b90000)
  to   space 64K,   0% used [0x71b90000, 0x71b90000, 0x71ba0000)
 tenured generation   total 4096K, used 0K [0x74200000, 0x74600000, 0x91aa0000)
   the space 4096K,   0% used [0x74200000, 0x74200000, 0x74200200, 0x74600000)
 compacting perm gen  total 12288K, used 17K [0x91aa0000, 0x926a0000, 0x95aa0000)
   the space 12288K,   0% used [0x91aa0000, 0x91aa45a8, 0x91aa4600, 0x926a0000)
    ro space 8192K,  89% used [0x95aa0000, 0x961d0720, 0x961d0800, 0x962a0000)
    rw space 12288K,  59% used [0x962a0000, 0x969cedd8, 0x969cee00, 0x96ea0000)

Dynamic libraries:
00110000-00263000 r-xp 00000000 08:05 11799      /lib/tls/i686/cmov/libc-2.11.1.so
00263000-00264000 ---p 00153000 08:05 11799      /lib/tls/i686/cmov/libc-2.11.1.so
00264000-00266000 r--p 00153000 08:05 11799      /lib/tls/i686/cmov/libc-2.11.1.so
00266000-00267000 rw-p 00155000 08:05 11799      /lib/tls/i686/cmov/libc-2.11.1.so
00267000-0026a000 rw-p 00000000 00:00 0 
0026a000-00271000 r-xp 00000000 08:05 123506     /lib/tls/i686/cmov/librt-2.11.1.so
00271000-00272000 r--p 00006000 08:05 123506     /lib/tls/i686/cmov/librt-2.11.1.so
00272000-00273000 rw-p 00007000 08:05 123506     /lib/tls/i686/cmov/librt-2.11.1.so
00273000-0027a000 r-xp 00000000 08:05 295446     /usr/lib/jvm/java-6-openjdk/jre/lib/i386/libzip.so
0027a000-0027b000 r--p 00006000 08:05 295446     /usr/lib/jvm/java-6-openjdk/jre/lib/i386/libzip.so
0027b000-0027c000 rw-p 00007000 08:05 295446     /usr/lib/jvm/java-6-openjdk/jre/lib/i386/libzip.so
0027c000-00288000 rwxp 00000000 00:00 0 
0028c000-002a7000 r-xp 00000000 08:05 222834     /lib/ld-2.11.1.so
002a7000-002a8000 r--p 0001a000 08:05 222834     /lib/ld-2.11.1.so
002a8000-002a9000 rw-p 0001b000 08:05 222834     /lib/ld-2.11.1.so
002a9000-002cd000 r-xp 00000000 08:05 295429     /usr/lib/jvm/java-6-openjdk/jre/lib/i386/libjava.so
002cd000-002ce000 r--p 00023000 08:05 295429     /usr/lib/jvm/java-6-openjdk/jre/lib/i386/libjava.so
002ce000-002d0000 rw-p 00024000 08:05 295429     /usr/lib/jvm/java-6-openjdk/jre/lib/i386/libjava.so
002d0000-002d7000 rwxp 00000000 00:00 0 
002d7000-002f1000 rwxp 00000000 00:00 0 
00304000-0030c000 r-xp 00000000 08:05 35048      /lib/tls/i686/cmov/libnss_nis-2.11.1.so
0030c000-0030d000 r--p 00007000 08:05 35048      /lib/tls/i686/cmov/libnss_nis-2.11.1.so
0030d000-0030e000 rw-p 00008000 08:05 35048      /lib/tls/i686/cmov/libnss_nis-2.11.1.so
0030e000-00310000 rwxp 00000000 00:00 0 
00310000-0038e000 rwxp 00000000 00:00 0 
0038e000-0038f000 rwxp 00000000 00:00 0 
0038f000-003a1000 rwxp 00000000 00:00 0 
003a1000-003a4000 rwxp 00000000 00:00 0 
003a4000-0048e000 rwxp 00000000 00:00 0 
0048e000-00494000 rwxp 00000000 00:00 0 
00494000-004ae000 rwxp 00000000 00:00 0 
004ae000-004b9000 rwxp 00000000 00:00 0 
004da000-004ed000 r-xp 00000000 08:05 11805      /lib/tls/i686/cmov/libnsl-2.11.1.so
004ed000-004ee000 r--p 00012000 08:05 11805      /lib/tls/i686/cmov/libnsl-2.11.1.so
004ee000-004ef000 rw-p 00013000 08:05 11805      /lib/tls/i686/cmov/libnsl-2.11.1.so
004ef000-004f1000 rw-p 00000000 00:00 0 
005d8000-005d9000 r-xp 00000000 00:00 0          [vdso]
00644000-0064b000 r-xp 00000000 08:05 295448     /usr/lib/jvm/java-6-openjdk/jre/lib/i386/native_threads/libhpi.so
0064b000-0064c000 r--p 00006000 08:05 295448     /usr/lib/jvm/java-6-openjdk/jre/lib/i386/native_threads/libhpi.so
0064c000-0064d000 rw-p 00007000 08:05 295448     /usr/lib/jvm/java-6-openjdk/jre/lib/i386/native_threads/libhpi.so
006ab000-006c0000 r-xp 00000000 08:05 110122     /lib/tls/i686/cmov/libpthread-2.11.1.so
006c0000-006c1000 r--p 00014000 08:05 110122     /lib/tls/i686/cmov/libpthread-2.11.1.so
006c1000-006c2000 rw-p 00015000 08:05 110122     /lib/tls/i686/cmov/libpthread-2.11.1.so
006c2000-006c4000 rw-p 00000000 00:00 0 
00761000-00774000 r-xp 00000000 08:05 33139      /lib/libz.so.1.2.3.3
00774000-00775000 r--p 00012000 08:05 33139      /lib/libz.so.1.2.3.3
00775000-00776000 rw-p 00013000 08:05 33139      /lib/libz.so.1.2.3.3
00809000-00815000 r-xp 00000000 08:05 295445     /usr/lib/jvm/java-6-openjdk/jre/lib/i386/libverify.so
00815000-00816000 r--p 0000b000 08:05 295445     /usr/lib/jvm/java-6-openjdk/jre/lib/i386/libverify.so
00816000-00817000 rw-p 0000c000 08:05 295445     /usr/lib/jvm/java-6-openjdk/jre/lib/i386/libverify.so
00855000-0085b000 r-xp 00000000 08:05 11806      /lib/tls/i686/cmov/libnss_compat-2.11.1.so
0085b000-0085c000 r--p 00006000 08:05 11806      /lib/tls/i686/cmov/libnss_compat-2.11.1.so
0085c000-0085d000 rw-p 00007000 08:05 11806      /lib/tls/i686/cmov/libnss_compat-2.11.1.so
008d1000-008f5000 r-xp 00000000 08:05 11803      /lib/tls/i686/cmov/libm-2.11.1.so
008f5000-008f6000 r--p 00023000 08:05 11803      /lib/tls/i686/cmov/libm-2.11.1.so
008f6000-008f7000 rw-p 00024000 08:05 11803      /lib/tls/i686/cmov/libm-2.11.1.so
009c6000-009c8000 r-xp 00000000 08:05 11802      /lib/tls/i686/cmov/libdl-2.11.1.so
009c8000-009c9000 r--p 00001000 08:05 11802      /lib/tls/i686/cmov/libdl-2.11.1.so
009c9000-009ca000 rw-p 00002000 08:05 11802      /lib/tls/i686/cmov/libdl-2.11.1.so
00a93000-00a9d000 r-xp 00000000 08:05 11809      /lib/tls/i686/cmov/libnss_files-2.11.1.so
00a9d000-00a9e000 r--p 00009000 08:05 11809      /lib/tls/i686/cmov/libnss_files-2.11.1.so
00a9e000-00a9f000 rw-p 0000a000 08:05 11809      /lib/tls/i686/cmov/libnss_files-2.11.1.so
00a9f000-00aa2000 rwxp 00000000 00:00 0 
00aa2000-00b8c000 rwxp 00000000 00:00 0 
00be0000-00be3000 r-xp 00000000 08:05 295417     /usr/lib/jvm/java-6-openjdk/jre/lib/i386/jli/libjli.so
00be3000-00be4000 r--p 00003000 08:05 295417     /usr/lib/jvm/java-6-openjdk/jre/lib/i386/jli/libjli.so
00be4000-00be5000 rw-p 00004000 08:05 295417     /usr/lib/jvm/java-6-openjdk/jre/lib/i386/jli/libjli.so
00be5000-00fde000 r-xp 00000000 08:05 295413     /usr/lib/jvm/java-6-openjdk/jre/lib/i386/client/libjvm.so
00fde000-00ff4000 r--p 003f9000 08:05 295413     /usr/lib/jvm/java-6-openjdk/jre/lib/i386/client/libjvm.so
00ff4000-01000000 rw-p 0040f000 08:05 295413     /usr/lib/jvm/java-6-openjdk/jre/lib/i386/client/libjvm.so
01000000-01420000 rw-p 00000000 00:00 0 
03235000-032ad000 rwxp 00000000 00:00 0 
032ad000-05235000 rwxp 00000000 00:00 0 
08048000-08051000 r-xp 00000000 08:05 295478     /usr/lib/jvm/java-6-openjdk/jre/bin/java
08051000-08052000 r--p 00008000 08:05 295478     /usr/lib/jvm/java-6-openjdk/jre/bin/java
08052000-08053000 rw-p 00009000 08:05 295478     /usr/lib/jvm/java-6-openjdk/jre/bin/java
080fd000-08167000 rw-p 00000000 00:00 0          [heap]
71aa0000-71ba0000 rwxp 00000000 00:00 0 
71ba0000-74200000 rwxp 00000000 00:00 0 
74200000-74600000 rwxp 00000000 00:00 0 
74600000-91aa0000 rwxp 00000000 00:00 0 
91aa0000-926a0000 rwxp 00000000 00:00 0 
926a0000-95aa0000 rwxp 00000000 00:00 0 
95aa0000-961d1000 r--s 00001000 08:05 295714     /usr/lib/jvm/java-6-openjdk/jre/lib/i386/client/classes.jsa
961d1000-962a0000 rwxp 00000000 00:00 0 
962a0000-969cf000 rw-p 00732000 08:05 295714     /usr/lib/jvm/java-6-openjdk/jre/lib/i386/client/classes.jsa
969cf000-96ea0000 rwxp 00000000 00:00 0 
96ea0000-96f99000 rw-p 00e61000 08:05 295714     /usr/lib/jvm/java-6-openjdk/jre/lib/i386/client/classes.jsa
96f99000-972a0000 rwxp 00000000 00:00 0 
972a0000-972a8000 r-xs 00f5a000 08:05 295714     /usr/lib/jvm/java-6-openjdk/jre/lib/i386/client/classes.jsa
972a8000-976a0000 rwxp 00000000 00:00 0 
b73af000-b73b0000 ---p 00000000 00:00 0 
b73b0000-b7430000 rw-p 00000000 00:00 0 
b7430000-b7433000 ---p 00000000 00:00 0 
b7433000-b7481000 rw-p 00000000 00:00 0 
b7481000-b7484000 ---p 00000000 00:00 0 
b7484000-b7502000 rw-p 00000000 00:00 0          [threadstack:0007d494]
b7502000-b7505000 ---p 00000000 00:00 0 
b7505000-b7553000 rw-p 00000000 00:00 0 
b7553000-b755a000 r--s 00000000 08:05 592434     /usr/lib/gconv/gconv-modules.cache
b755a000-b7599000 r--p 00000000 08:05 109373     /usr/lib/locale/pt_BR.utf8/LC_CTYPE
b7599000-b759c000 ---p 00000000 00:00 0 
b759c000-b75ea000 rw-p 00000000 00:00 0 
b75ea000-b75ed000 ---p 00000000 00:00 0 
b75ed000-b763b000 rw-p 00000000 00:00 0 
b763b000-b763c000 ---p 00000000 00:00 0 
b763c000-b76ef000 rw-p 00000000 00:00 0 
b76ef000-b7881000 r--s 03914000 08:05 295408     /usr/lib/jvm/java-6-openjdk/jre/lib/rt.jar
b7881000-b7884000 ---p 00000000 00:00 0 
b7884000-b78d5000 rw-p 00000000 00:00 0 
b78db000-b78e4000 r--s 00065000 08:05 295630     /usr/share/java/gnome-java-bridge.jar
b78e4000-b78ec000 rw-s 00000000 08:05 223067     /tmp/hsperfdata_indigovox/5018
b78ec000-b78ed000 rw-p 00000000 00:00 0 
b78ed000-b78ee000 r--p 00000000 00:00 0 
b78ee000-b78f0000 rw-p 00000000 00:00 0 
bf976000-bf98b000 rw-p 00000000 00:00 0          [stack]

VM Arguments:
jvm_args: -Xbootclasspath/p:/home/indigovox/TMW-Maker/CodigoFonte/${endorsed.classpath} -Dfile.encoding=ISO-8859-1 
java_command: Formularios.FrmItens
Launcher Type: SUN_STANDARD

Environment Variables:
PATH=/usr/local/sbin:/usr/local/bin:/usr/sbin:/usr/bin:/sbin:/bin:/usr/games
USERNAME=indigovox
LD_LIBRARY_PATH=/usr/lib/jvm/java-6-openjdk/jre/lib/i386/client:/usr/lib/jvm/java-6-openjdk/jre/lib/i386:/usr/lib/jvm/java-6-openjdk/jre/../lib/i386
SHELL=/bin/bash
DISPLAY=:0.0

Signal Handlers:
SIGSEGV: [libjvm.so+0x397410], sa_mask[0]=0x7ffbfeff, sa_flags=0x10000004
SIGBUS: [libjvm.so+0x397410], sa_mask[0]=0x7ffbfeff, sa_flags=0x10000004
SIGFPE: [libjvm.so+0x2c5b10], sa_mask[0]=0x7ffbfeff, sa_flags=0x10000004
SIGPIPE: [libjvm.so+0x2c5b10], sa_mask[0]=0x7ffbfeff, sa_flags=0x10000004
SIGXFSZ: [libjvm.so+0x2c5b10], sa_mask[0]=0x7ffbfeff, sa_flags=0x10000004
SIGILL: [libjvm.so+0x2c5b10], sa_mask[0]=0x7ffbfeff, sa_flags=0x10000004
SIGUSR1: SIG_DFL, sa_mask[0]=0x00000000, sa_flags=0x00000000
SIGUSR2: [libjvm.so+0x2c5200], sa_mask[0]=0x00000004, sa_flags=0x10000004
SIGHUP: [libjvm.so+0x2c7960], sa_mask[0]=0x7ffbfeff, sa_flags=0x10000004
SIGINT: SIG_IGN, sa_mask[0]=0x00000000, sa_flags=0x00000000
SIGTERM: [libjvm.so+0x2c7960], sa_mask[0]=0x7ffbfeff, sa_flags=0x10000004
SIGQUIT: [libjvm.so+0x2c7960], sa_mask[0]=0x7ffbfeff, sa_flags=0x10000004


---------------  S Y S T E M  ---------------

OS:Ubuntu 10.04 (lucid)
uname:Linux 2.6.32-22-generic #33-Ubuntu SMP Wed Apr 28 13:27:30 UTC 2010 i686
libc:glibc 2.11.1 NPTL 2.11.1 
rlimit: STACK 8192k, CORE 0k, NPROC infinity, NOFILE 1024, AS infinity
load average:0.82 0.65 0.52

CPU:total 1 (1 cores per cpu, 1 threads per core) family 15 model 4 stepping 9, cmov, cx8, fxsr, mmx, sse, sse2, sse3

Memory: 4k page, physical 1252556k(240812k free), swap 1670720k(1670720k free)

vm_info: OpenJDK Client VM (14.0-b16) for linux-x86 JRE (1.6.0_18-b18), built on Apr 14 2010 11:34:14 by "buildd" with gcc 4.4.3

time: Sat May 29 13:22:57 2010
elapsed time: 0 seconds

