#
# A fatal error has been detected by the Java Runtime Environment:
#
#  SIGSEGV (0xb) at pc=0x01273c42, pid=3475, tid=3075046256
#
# JRE version: 6.0_18-b18
# Java VM: OpenJDK Client VM (14.0-b16 mixed mode, sharing linux-x86 )
# Derivative: IcedTea6 1.8
# Distribution: Ubuntu lucid (development branch), package 6b18-1.8-0ubuntu1
# Problematic frame:
# V  [libjvm.so+0x2ffc42]
#
# If you would like to submit a bug report, please include
# instructions how to reproduce the bug and visit:
#   https://bugs.launchpad.net/ubuntu/+source/openjdk-6/
#

---------------  T H R E A D  ---------------

Current thread (0x083d4800):  JavaThread "CompilerThread0" daemon [_thread_in_vm, id=3484, stack(0xb7417000,0xb7498000)]

siginfo:si_signo=SIGSEGV: si_errno=0, si_code=1 (SEGV_MAPERR), si_addr=0x00000010

Registers:
EAX=0x00000000, EBX=0x01382ff4, ECX=0x01382ff4, EDX=0x00000b00
ESP=0xb7496710, EBP=0xb7496718, ESI=0x00000b00, EDI=0xb74967f0
EIP=0x01273c42, CR2=0x00000010, EFLAGS=0x00010282

Top of Stack: (sp=0xb7496710)
0xb7496710:   01382ff4 b74967ac b7496738 01273d7f
0xb7496720:   00000b00 b74967f4 b7496748 01273d4a
0xb7496730:   01382ff4 b74967ac b7496758 01273f4b
0xb7496740:   b74967ac 013a67a0 b7496af0 01273daa
0xb7496750:   01382ff4 b7496780 b74967d8 01085a65
0xb7496760:   b7496780 b7496af0 b74967f0 00000000
0xb7496770:   b7496780 00000000 b7496af4 b74967f4
0xb7496780:   00000000 083d4adc 083d4ae0 00000000 

Instructions: (pc=0x01273c42)
0x01273c32:   39 c6 7d 1a 83 ec 0c 56 e8 e1 6e 02 00 83 c4 10
0x01273c42:   8b 40 10 8d 65 f8 5b 5e 5d c3 8d 74 26 00 8d 65 

Stack: [0xb7417000,0xb7498000],  sp=0xb7496710,  free space=509k
Native frames: (J=compiled Java code, j=interpreted, Vv=VM code, C=native code)
V  [libjvm.so+0x2ffc42]
V  [libjvm.so+0x2ffd7f]
V  [libjvm.so+0x2fff4b]
V  [libjvm.so+0x111a65]
V  [libjvm.so+0x1123c1]
V  [libjvm.so+0x10f42f]
V  [libjvm.so+0x10f60b]
V  [libjvm.so+0x1100c1]
V  [libjvm.so+0xcc8f1]
V  [libjvm.so+0xcc992]
V  [libjvm.so+0x375b7]
V  [libjvm.so+0x75930]
V  [libjvm.so+0x758e7]
V  [libjvm.so+0x122482]
V  [libjvm.so+0x122bb7]
V  [libjvm.so+0x3651c8]
V  [libjvm.so+0x36a12c]
V  [libjvm.so+0x36a1ea]
V  [libjvm.so+0x2c92e1]
C  [libpthread.so.0+0x596e]


Current CompileTask:
C1:  1      java.lang.String.hashCode()I (60 bytes)


---------------  P R O C E S S  ---------------

Java Threads: ( => current thread )
  0x083d6400 JavaThread "Low Memory Detector" daemon [_thread_blocked, id=3485, stack(0xb73c6000,0xb7417000)]
=>0x083d4800 JavaThread "CompilerThread0" daemon [_thread_in_vm, id=3484, stack(0xb7417000,0xb7498000)]
  0x083d2c00 JavaThread "Signal Dispatcher" daemon [_thread_blocked, id=3483, stack(0xb7498000,0xb74e9000)]
  0x083ca400 JavaThread "Finalizer" daemon [_thread_blocked, id=3482, stack(0xb752f000,0xb7580000)]
  0x083c8c00 JavaThread "Reference Handler" daemon [_thread_blocked, id=3481, stack(0xb7580000,0xb75d1000)]
  0x0839a400 JavaThread "main" [_thread_in_vm, id=3479, stack(0xb7817000,0xb7868000)]

Other Threads:
  0x083c7000 VMThread [stack: 0xb75d1000,0xb7652000] [id=3480]
  0x083d9800 WatcherThread [stack: 0xb7345000,0xb73c6000] [id=3486]

VM state:not at safepoint (normal execution)

VM Mutex/Monitor currently owned by a thread:  ([mutex/lock_event])
[0x08397730] CodeCache_lock - owner thread: 0x083d4800
[0x08398500] AdapterHandlerLibrary_lock - owner thread: 0x0839a400

Heap
 def new generation   total 960K, used 184K [0x71aa0000, 0x71ba0000, 0x74200000)
  eden space 896K,  20% used [0x71aa0000, 0x71ace078, 0x71b80000)
  from space 64K,   0% used [0x71b80000, 0x71b80000, 0x71b90000)
  to   space 64K,   0% used [0x71b90000, 0x71b90000, 0x71ba0000)
 tenured generation   total 4096K, used 0K [0x74200000, 0x74600000, 0x91aa0000)
   the space 4096K,   0% used [0x74200000, 0x74200000, 0x74200200, 0x74600000)
 compacting perm gen  total 12288K, used 17K [0x91aa0000, 0x926a0000, 0x95aa0000)
   the space 12288K,   0% used [0x91aa0000, 0x91aa45a8, 0x91aa4600, 0x926a0000)
    ro space 8192K,  89% used [0x95aa0000, 0x961d0720, 0x961d0800, 0x962a0000)
    rw space 12288K,  59% used [0x962a0000, 0x969cedd8, 0x969cee00, 0x96ea0000)

Dynamic libraries:
00110000-00116000 r-xp 00000000 08:05 11806      /lib/tls/i686/cmov/libnss_compat-2.11.1.so
00116000-00117000 r--p 00006000 08:05 11806      /lib/tls/i686/cmov/libnss_compat-2.11.1.so
00117000-00118000 rw-p 00007000 08:05 11806      /lib/tls/i686/cmov/libnss_compat-2.11.1.so
00118000-0011f000 rwxp 00000000 00:00 0 
00120000-00144000 r-xp 00000000 08:05 11803      /lib/tls/i686/cmov/libm-2.11.1.so
00144000-00145000 r--p 00023000 08:05 11803      /lib/tls/i686/cmov/libm-2.11.1.so
00145000-00146000 rw-p 00024000 08:05 11803      /lib/tls/i686/cmov/libm-2.11.1.so
001b4000-00307000 r-xp 00000000 08:05 11799      /lib/tls/i686/cmov/libc-2.11.1.so
00307000-00308000 ---p 00153000 08:05 11799      /lib/tls/i686/cmov/libc-2.11.1.so
00308000-0030a000 r--p 00153000 08:05 11799      /lib/tls/i686/cmov/libc-2.11.1.so
0030a000-0030b000 rw-p 00155000 08:05 11799      /lib/tls/i686/cmov/libc-2.11.1.so
0030b000-0030e000 rw-p 00000000 00:00 0 
0030e000-00310000 rwxp 00000000 00:00 0 
00310000-0038e000 rwxp 00000000 00:00 0 
0038e000-0038f000 rwxp 00000000 00:00 0 
0038f000-003a1000 rwxp 00000000 00:00 0 
003a1000-003a4000 rwxp 00000000 00:00 0 
003a4000-0048e000 rwxp 00000000 00:00 0 
0048e000-00494000 rwxp 00000000 00:00 0 
00494000-004ae000 rwxp 00000000 00:00 0 
004ae000-004b9000 rwxp 00000000 00:00 0 
004fa000-00506000 r-xp 00000000 08:05 295445     /usr/lib/jvm/java-6-openjdk/jre/lib/i386/libverify.so
00506000-00507000 r--p 0000b000 08:05 295445     /usr/lib/jvm/java-6-openjdk/jre/lib/i386/libverify.so
00507000-00508000 rw-p 0000c000 08:05 295445     /usr/lib/jvm/java-6-openjdk/jre/lib/i386/libverify.so
00574000-00587000 r-xp 00000000 08:05 33139      /lib/libz.so.1.2.3.3
00587000-00588000 r--p 00012000 08:05 33139      /lib/libz.so.1.2.3.3
00588000-00589000 rw-p 00013000 08:05 33139      /lib/libz.so.1.2.3.3
00589000-0058c000 rwxp 00000000 00:00 0 
0058c000-00676000 rwxp 00000000 00:00 0 
0081b000-00822000 r-xp 00000000 08:05 123506     /lib/tls/i686/cmov/librt-2.11.1.so
00822000-00823000 r--p 00006000 08:05 123506     /lib/tls/i686/cmov/librt-2.11.1.so
00823000-00824000 rw-p 00007000 08:05 123506     /lib/tls/i686/cmov/librt-2.11.1.so
00859000-0086e000 r-xp 00000000 08:05 110122     /lib/tls/i686/cmov/libpthread-2.11.1.so
0086e000-0086f000 r--p 00014000 08:05 110122     /lib/tls/i686/cmov/libpthread-2.11.1.so
0086f000-00870000 rw-p 00015000 08:05 110122     /lib/tls/i686/cmov/libpthread-2.11.1.so
00870000-00872000 rw-p 00000000 00:00 0 
00a58000-00a5d000 rwxp 00000000 00:00 0 
00a87000-00aab000 r-xp 00000000 08:05 295429     /usr/lib/jvm/java-6-openjdk/jre/lib/i386/libjava.so
00aab000-00aac000 r--p 00023000 08:05 295429     /usr/lib/jvm/java-6-openjdk/jre/lib/i386/libjava.so
00aac000-00aae000 rw-p 00024000 08:05 295429     /usr/lib/jvm/java-6-openjdk/jre/lib/i386/libjava.so
00abd000-00ac0000 r-xp 00000000 08:05 295417     /usr/lib/jvm/java-6-openjdk/jre/lib/i386/jli/libjli.so
00ac0000-00ac1000 r--p 00003000 08:05 295417     /usr/lib/jvm/java-6-openjdk/jre/lib/i386/jli/libjli.so
00ac1000-00ac2000 rw-p 00004000 08:05 295417     /usr/lib/jvm/java-6-openjdk/jre/lib/i386/jli/libjli.so
00af7000-00afe000 r-xp 00000000 08:05 295448     /usr/lib/jvm/java-6-openjdk/jre/lib/i386/native_threads/libhpi.so
00afe000-00aff000 r--p 00006000 08:05 295448     /usr/lib/jvm/java-6-openjdk/jre/lib/i386/native_threads/libhpi.so
00aff000-00b00000 rw-p 00007000 08:05 295448     /usr/lib/jvm/java-6-openjdk/jre/lib/i386/native_threads/libhpi.so
00b21000-00b34000 r-xp 00000000 08:05 11805      /lib/tls/i686/cmov/libnsl-2.11.1.so
00b34000-00b35000 r--p 00012000 08:05 11805      /lib/tls/i686/cmov/libnsl-2.11.1.so
00b35000-00b36000 rw-p 00013000 08:05 11805      /lib/tls/i686/cmov/libnsl-2.11.1.so
00b36000-00b38000 rw-p 00000000 00:00 0 
00b58000-00b5f000 rwxp 00000000 00:00 0 
00b5f000-00b79000 rwxp 00000000 00:00 0 
00c50000-00c52000 r-xp 00000000 08:05 11802      /lib/tls/i686/cmov/libdl-2.11.1.so
00c52000-00c53000 r--p 00001000 08:05 11802      /lib/tls/i686/cmov/libdl-2.11.1.so
00c53000-00c54000 rw-p 00002000 08:05 11802      /lib/tls/i686/cmov/libdl-2.11.1.so
00cbd000-00cc7000 r-xp 00000000 08:05 11809      /lib/tls/i686/cmov/libnss_files-2.11.1.so
00cc7000-00cc8000 r--p 00009000 08:05 11809      /lib/tls/i686/cmov/libnss_files-2.11.1.so
00cc8000-00cc9000 rw-p 0000a000 08:05 11809      /lib/tls/i686/cmov/libnss_files-2.11.1.so
00d0c000-00d13000 r-xp 00000000 08:05 295446     /usr/lib/jvm/java-6-openjdk/jre/lib/i386/libzip.so
00d13000-00d14000 r--p 00006000 08:05 295446     /usr/lib/jvm/java-6-openjdk/jre/lib/i386/libzip.so
00d14000-00d15000 rw-p 00007000 08:05 295446     /usr/lib/jvm/java-6-openjdk/jre/lib/i386/libzip.so
00e62000-00e6a000 r-xp 00000000 08:05 35048      /lib/tls/i686/cmov/libnss_nis-2.11.1.so
00e6a000-00e6b000 r--p 00007000 08:05 35048      /lib/tls/i686/cmov/libnss_nis-2.11.1.so
00e6b000-00e6c000 rw-p 00008000 08:05 35048      /lib/tls/i686/cmov/libnss_nis-2.11.1.so
00f03000-00f1e000 r-xp 00000000 08:05 222834     /lib/ld-2.11.1.so
00f1e000-00f1f000 r--p 0001a000 08:05 222834     /lib/ld-2.11.1.so
00f1f000-00f20000 rw-p 0001b000 08:05 222834     /lib/ld-2.11.1.so
00f73000-00f74000 r-xp 00000000 00:00 0          [vdso]
00f74000-0136d000 r-xp 00000000 08:05 295413     /usr/lib/jvm/java-6-openjdk/jre/lib/i386/client/libjvm.so
0136d000-01383000 r--p 003f9000 08:05 295413     /usr/lib/jvm/java-6-openjdk/jre/lib/i386/client/libjvm.so
01383000-0138f000 rw-p 0040f000 08:05 295413     /usr/lib/jvm/java-6-openjdk/jre/lib/i386/client/libjvm.so
0138f000-017af000 rw-p 00000000 00:00 0 
02538000-025b0000 rwxp 00000000 00:00 0 
025b0000-04538000 rwxp 00000000 00:00 0 
08048000-08051000 r-xp 00000000 08:05 295478     /usr/lib/jvm/java-6-openjdk/jre/bin/java
08051000-08052000 r--p 00008000 08:05 295478     /usr/lib/jvm/java-6-openjdk/jre/bin/java
08052000-08053000 rw-p 00009000 08:05 295478     /usr/lib/jvm/java-6-openjdk/jre/bin/java
08394000-083fe000 rw-p 00000000 00:00 0          [heap]
71aa0000-71ba0000 rwxp 00000000 00:00 0 
71ba0000-74200000 rwxp 00000000 00:00 0 
74200000-74600000 rwxp 00000000 00:00 0 
74600000-91aa0000 rwxp 00000000 00:00 0 
91aa0000-926a0000 rwxp 00000000 00:00 0 
926a0000-95aa0000 rwxp 00000000 00:00 0 
95aa0000-961d1000 r--s 00001000 08:05 295714     /usr/lib/jvm/java-6-openjdk/jre/lib/i386/client/classes.jsa
961d1000-962a0000 rwxp 00000000 00:00 0 
962a0000-969cf000 rw-p 00732000 08:05 295714     /usr/lib/jvm/java-6-openjdk/jre/lib/i386/client/classes.jsa
969cf000-96ea0000 rwxp 00000000 00:00 0 
96ea0000-96f99000 rw-p 00e61000 08:05 295714     /usr/lib/jvm/java-6-openjdk/jre/lib/i386/client/classes.jsa
96f99000-972a0000 rwxp 00000000 00:00 0 
972a0000-972a8000 r-xs 00f5a000 08:05 295714     /usr/lib/jvm/java-6-openjdk/jre/lib/i386/client/classes.jsa
972a8000-976a0000 rwxp 00000000 00:00 0 
b7345000-b7346000 ---p 00000000 00:00 0 
b7346000-b73c6000 rw-p 00000000 00:00 0 
b73c6000-b73c9000 ---p 00000000 00:00 0 
b73c9000-b7417000 rw-p 00000000 00:00 0 
b7417000-b741a000 ---p 00000000 00:00 0 
b741a000-b7498000 rw-p 00000000 00:00 0          [threadstack:0007d494]
b7498000-b749b000 ---p 00000000 00:00 0 
b749b000-b74e9000 rw-p 00000000 00:00 0 
b74e9000-b74f0000 r--s 00000000 08:05 592434     /usr/lib/gconv/gconv-modules.cache
b74f0000-b752f000 r--p 00000000 08:05 109373     /usr/lib/locale/pt_BR.utf8/LC_CTYPE
b752f000-b7532000 ---p 00000000 00:00 0 
b7532000-b7580000 rw-p 00000000 00:00 0 
b7580000-b7583000 ---p 00000000 00:00 0 
b7583000-b75d1000 rw-p 00000000 00:00 0 
b75d1000-b75d2000 ---p 00000000 00:00 0 
b75d2000-b7685000 rw-p 00000000 00:00 0 
b7685000-b7817000 r--s 03914000 08:05 295408     /usr/lib/jvm/java-6-openjdk/jre/lib/rt.jar
b7817000-b781a000 ---p 00000000 00:00 0 
b781a000-b786b000 rw-p 00000000 00:00 0 
b7872000-b787b000 r--s 00065000 08:05 295630     /usr/share/java/gnome-java-bridge.jar
b787b000-b7883000 rw-s 00000000 08:05 603190     /tmp/hsperfdata_indigovox/3475
b7883000-b7884000 rw-p 00000000 00:00 0 
b7884000-b7885000 r--p 00000000 00:00 0 
b7885000-b7887000 rw-p 00000000 00:00 0 
bff00000-bff15000 rw-p 00000000 00:00 0          [stack]

VM Arguments:
jvm_args: -Xbootclasspath/p:/home/indigovox/TMW-Maker/CodigoFonte/${endorsed.classpath} -Dfile.encoding=ISO-8859-1 
java_command: Formularios.FrmSprite
Launcher Type: SUN_STANDARD

Environment Variables:
PATH=/usr/local/sbin:/usr/local/bin:/usr/sbin:/usr/bin:/sbin:/bin:/usr/games
USERNAME=indigovox
LD_LIBRARY_PATH=/usr/lib/jvm/java-6-openjdk/jre/lib/i386/client:/usr/lib/jvm/java-6-openjdk/jre/lib/i386:/usr/lib/jvm/java-6-openjdk/jre/../lib/i386
SHELL=/bin/bash
DISPLAY=:0.0

Signal Handlers:
SIGSEGV: [libjvm.so+0x397410], sa_mask[0]=0x7ffbfeff, sa_flags=0x10000004
SIGBUS: [libjvm.so+0x397410], sa_mask[0]=0x7ffbfeff, sa_flags=0x10000004
SIGFPE: [libjvm.so+0x2c5b10], sa_mask[0]=0x7ffbfeff, sa_flags=0x10000004
SIGPIPE: [libjvm.so+0x2c5b10], sa_mask[0]=0x7ffbfeff, sa_flags=0x10000004
SIGXFSZ: [libjvm.so+0x2c5b10], sa_mask[0]=0x7ffbfeff, sa_flags=0x10000004
SIGILL: [libjvm.so+0x2c5b10], sa_mask[0]=0x7ffbfeff, sa_flags=0x10000004
SIGUSR1: SIG_DFL, sa_mask[0]=0x00000000, sa_flags=0x00000000
SIGUSR2: [libjvm.so+0x2c5200], sa_mask[0]=0x00000004, sa_flags=0x10000004
SIGHUP: [libjvm.so+0x2c7960], sa_mask[0]=0x7ffbfeff, sa_flags=0x10000004
SIGINT: SIG_IGN, sa_mask[0]=0x00000000, sa_flags=0x00000000
SIGTERM: [libjvm.so+0x2c7960], sa_mask[0]=0x7ffbfeff, sa_flags=0x10000004
SIGQUIT: [libjvm.so+0x2c7960], sa_mask[0]=0x7ffbfeff, sa_flags=0x10000004


---------------  S Y S T E M  ---------------

OS:Ubuntu 10.04 (lucid)
uname:Linux 2.6.32-22-generic #36-Ubuntu SMP Thu Jun 3 22:02:19 UTC 2010 i686
libc:glibc 2.11.1 NPTL 2.11.1 
rlimit: STACK 8192k, CORE 0k, NPROC infinity, NOFILE 1024, AS infinity
load average:1.29 0.80 0.68

CPU:total 1 (1 cores per cpu, 1 threads per core) family 15 model 4 stepping 9, cmov, cx8, fxsr, mmx, sse, sse2, sse3

Memory: 4k page, physical 1252556k(23252k free), swap 1670720k(1670720k free)

vm_info: OpenJDK Client VM (14.0-b16) for linux-x86 JRE (1.6.0_18-b18), built on Apr 14 2010 11:34:14 by "buildd" with gcc 4.4.3

time: Sat Jun 19 22:24:51 2010
elapsed time: 0 seconds

